This file contains any messages produced by compilers while
running configure, to aid debugging if configure makes a mistake.

It was created by Google C++ Testing Framework configure 1.7.0, which was
generated by GNU Autoconf 2.69.  Invocation command line was

  $ ./configure --disable-option-checking --prefix=/usr/local CFLAGS= CXXFLAGS= -g -DNDEBUG --cache-file=/dev/null --srcdir=.

## --------- ##
## Platform. ##
## --------- ##

hostname = Peters-MacBook-Pro-2.local
uname -m = x86_64
uname -r = 15.0.0
uname -s = Darwin
uname -v = Darwin Kernel Version 15.0.0: Sat Sep 19 15:53:46 PDT 2015; root:xnu-3247.10.11~1/RELEASE_X86_64

/usr/bin/uname -p = i386
/bin/uname -X     = unknown

/bin/arch              = unknown
/usr/bin/arch -k       = unknown
/usr/convex/getsysinfo = unknown
/usr/bin/hostinfo      = Mach kernel version:
	 Darwin Kernel Version 15.0.0: Sat Sep 19 15:53:46 PDT 2015; root:xnu-3247.10.11~1/RELEASE_X86_64
Kernel configured for up to 8 processors.
4 processors are physically available.
8 processors are logically available.
Processor type: x86_64h (Intel x86-64h Haswell)
Processors active: 0 1 2 3 4 5 6 7
Primary memory available: 16.00 gigabytes
Default processor set: 341 tasks, 1633 threads, 8 processors
Load average: 3.22, Mach factor: 4.77
/bin/machine           = unknown
/usr/bin/oslevel       = unknown
/bin/universe          = unknown

PATH: /Users/pmattis/Development/google-cloud-sdk/bin
PATH: /Users/pmattis/Dropbox/Shared/scripts
PATH: /usr/local/bin
PATH: /usr/bin
PATH: /bin
PATH: /usr/sbin
PATH: /sbin
PATH: /usr/X11/bin
PATH: /Users/pmattis/Development/go/bin


## ----------- ##
## Core tests. ##
## ----------- ##

configure:2320: checking for a BSD-compatible install
configure:2388: result: /usr/bin/install -c
configure:2399: checking whether build environment is sane
configure:2454: result: yes
configure:2605: checking for a thread-safe mkdir -p
configure:2644: result: build-aux/install-sh -c -d
configure:2651: checking for gawk
configure:2681: result: no
configure:2651: checking for mawk
configure:2681: result: no
configure:2651: checking for nawk
configure:2681: result: no
configure:2651: checking for awk
configure:2667: found /usr/bin/awk
configure:2678: result: awk
configure:2689: checking whether make sets $(MAKE)
configure:2711: result: yes
configure:2740: checking whether make supports nested variables
configure:2757: result: yes
configure:2932: checking for gcc
configure:2948: found /usr/bin/gcc
configure:2959: result: gcc
configure:3188: checking for C compiler version
configure:3197: gcc --version >&5
Apple LLVM version 7.0.2 (clang-700.1.81)
Target: x86_64-apple-darwin15.0.0
Thread model: posix
Configured with: --prefix=/Applications/Xcode.app/Contents/Developer/usr --with-gxx-include-dir=/Applications/Xcode.app/Contents/Developer/Platforms/MacOSX.platform/Developer/SDKs/MacOSX10.11.sdk/usr/include/c++/4.2.1
configure:3208: $? = 0
configure:3197: gcc -v >&5
Configured with: --prefix=/Applications/Xcode.app/Contents/Developer/usr --with-gxx-include-dir=/Applications/Xcode.app/Contents/Developer/Platforms/MacOSX.platform/Developer/SDKs/MacOSX10.11.sdk/usr/include/c++/4.2.1
Apple LLVM version 7.0.2 (clang-700.1.81)
Target: x86_64-apple-darwin15.0.0
Thread model: posix
configure:3208: $? = 0
configure:3197: gcc -V >&5
clang: error: argument to '-V' is missing (expected 1 value)
clang: error: no input files
configure:3208: $? = 1
configure:3197: gcc -qversion >&5
clang: error: unknown argument: '-qversion'
clang: error: no input files
configure:3208: $? = 1
configure:3228: checking whether the C compiler works
configure:3250: gcc    conftest.c  >&5
configure:3254: $? = 0
configure:3302: result: yes
configure:3305: checking for C compiler default output file name
configure:3307: result: a.out
configure:3313: checking for suffix of executables
configure:3320: gcc -o conftest    conftest.c  >&5
configure:3324: $? = 0
configure:3346: result: 
configure:3368: checking whether we are cross compiling
configure:3376: gcc -o conftest    conftest.c  >&5
configure:3380: $? = 0
configure:3387: ./conftest
configure:3391: $? = 0
configure:3406: result: no
configure:3411: checking for suffix of object files
configure:3433: gcc -c   conftest.c >&5
configure:3437: $? = 0
configure:3458: result: o
configure:3462: checking whether we are using the GNU C compiler
configure:3481: gcc -c   conftest.c >&5
configure:3481: $? = 0
configure:3490: result: yes
configure:3499: checking whether gcc accepts -g
configure:3519: gcc -c -g  conftest.c >&5
configure:3519: $? = 0
configure:3560: result: yes
configure:3577: checking for gcc option to accept ISO C89
configure:3640: gcc  -c   conftest.c >&5
configure:3640: $? = 0
configure:3653: result: none needed
configure:3678: checking whether gcc understands -c and -o together
configure:3700: gcc -c conftest.c -o conftest2.o
configure:3703: $? = 0
configure:3700: gcc -c conftest.c -o conftest2.o
configure:3703: $? = 0
configure:3715: result: yes
configure:3743: checking for style of include used by make
configure:3771: result: GNU
configure:3797: checking dependency style of gcc
configure:3908: result: gcc3
configure:3981: checking for g++
configure:3997: found /usr/bin/g++
configure:4008: result: g++
configure:4035: checking for C++ compiler version
configure:4044: g++ --version >&5
Apple LLVM version 7.0.2 (clang-700.1.81)
Target: x86_64-apple-darwin15.0.0
Thread model: posix
Configured with: --prefix=/Applications/Xcode.app/Contents/Developer/usr --with-gxx-include-dir=/Applications/Xcode.app/Contents/Developer/Platforms/MacOSX.platform/Developer/SDKs/MacOSX10.11.sdk/usr/include/c++/4.2.1
configure:4055: $? = 0
configure:4044: g++ -v >&5
Configured with: --prefix=/Applications/Xcode.app/Contents/Developer/usr --with-gxx-include-dir=/Applications/Xcode.app/Contents/Developer/Platforms/MacOSX.platform/Developer/SDKs/MacOSX10.11.sdk/usr/include/c++/4.2.1
Apple LLVM version 7.0.2 (clang-700.1.81)
Target: x86_64-apple-darwin15.0.0
Thread model: posix
configure:4055: $? = 0
configure:4044: g++ -V >&5
clang: error: argument to '-V' is missing (expected 1 value)
clang: error: no input files
configure:4055: $? = 1
configure:4044: g++ -qversion >&5
clang: error: unknown argument: '-qversion'
clang: error: no input files
configure:4055: $? = 1
configure:4059: checking whether we are using the GNU C++ compiler
configure:4078: g++ -c  -g -DNDEBUG  conftest.cpp >&5
configure:4078: $? = 0
configure:4087: result: yes
configure:4096: checking whether g++ accepts -g
configure:4116: g++ -c -g  conftest.cpp >&5
configure:4116: $? = 0
configure:4157: result: yes
configure:4182: checking dependency style of g++
configure:4293: result: gcc3
configure:4343: checking build system type
configure:4357: result: x86_64-apple-darwin15.0.0
configure:4377: checking host system type
configure:4390: result: x86_64-apple-darwin15.0.0
configure:4431: checking how to print strings
configure:4458: result: printf
configure:4479: checking for a sed that does not truncate output
configure:4543: result: /usr/bin/sed
configure:4561: checking for grep that handles long lines and -e
configure:4619: result: /usr/bin/grep
configure:4624: checking for egrep
configure:4686: result: /usr/bin/grep -E
configure:4691: checking for fgrep
configure:4753: result: /usr/bin/grep -F
configure:4788: checking for ld used by gcc
configure:4855: result: /Applications/Xcode.app/Contents/Developer/Toolchains/XcodeDefault.xctoolchain/usr/bin/ld
configure:4862: checking if the linker (/Applications/Xcode.app/Contents/Developer/Toolchains/XcodeDefault.xctoolchain/usr/bin/ld) is GNU ld
configure:4877: result: no
configure:4889: checking for BSD- or MS-compatible name lister (nm)
configure:4938: result: /usr/bin/nm
configure:5068: checking the name lister (/usr/bin/nm) interface
configure:5075: g++ -c  -g -DNDEBUG  conftest.cpp >&5
configure:5078: /usr/bin/nm "conftest.o"
configure:5081: output
0000000000000228 S _some_variable
configure:5088: result: BSD nm
configure:5091: checking whether ln -s works
configure:5095: result: yes
configure:5103: checking the maximum length of command line arguments
configure:5234: result: 196608
configure:5251: checking whether the shell understands some XSI constructs
configure:5261: result: yes
configure:5265: checking whether the shell understands "+="
configure:5271: result: yes
configure:5306: checking how to convert x86_64-apple-darwin15.0.0 file names to x86_64-apple-darwin15.0.0 format
configure:5346: result: func_convert_file_noop
configure:5353: checking how to convert x86_64-apple-darwin15.0.0 file names to toolchain format
configure:5373: result: func_convert_file_noop
configure:5380: checking for /Applications/Xcode.app/Contents/Developer/Toolchains/XcodeDefault.xctoolchain/usr/bin/ld option to reload object files
configure:5387: result: -r
configure:5461: checking for objdump
configure:5491: result: no
configure:5520: checking how to recognize dependent libraries
configure:5718: result: pass_all
configure:5803: checking for dlltool
configure:5833: result: no
configure:5863: checking how to associate runtime and link libraries
configure:5890: result: printf %s\n
configure:5951: checking for ar
configure:5967: found /usr/bin/ar
configure:5978: result: ar
configure:6015: checking for archiver @FILE support
configure:6032: g++ -c  -g -DNDEBUG  conftest.cpp >&5
configure:6032: $? = 0
configure:6035: ar cru libconftest.a @conftest.lst >&5
ar: @conftest.lst: No such file or directory
configure:6038: $? = 1
configure:6058: result: no
configure:6116: checking for strip
configure:6132: found /usr/bin/strip
configure:6143: result: strip
configure:6215: checking for ranlib
configure:6231: found /usr/bin/ranlib
configure:6242: result: ranlib
configure:6344: checking command to parse /usr/bin/nm output from gcc object
configure:6464: g++ -c  -g -DNDEBUG  conftest.cpp >&5
configure:6467: $? = 0
configure:6471: /usr/bin/nm conftest.o \| sed -n -e 's/^.*[ ]\([BCDEGRST][BCDEGRST]*\)[ ][ ]*\([_A-Za-z][_A-Za-z0-9]*\)$/\1 \2 \2/p' | sed '/ __gnu_lto/d' \> conftest.nm
configure:6474: $? = 0
cannot find nm_test_var in conftest.nm
configure:6464: g++ -c  -g -DNDEBUG  conftest.cpp >&5
configure:6467: $? = 0
configure:6471: /usr/bin/nm conftest.o \| sed -n -e 's/^.*[ ]\([BCDEGRST][BCDEGRST]*\)[ ][ ]*_\([_A-Za-z][_A-Za-z0-9]*\)$/\1 _\2 \2/p' | sed '/ __gnu_lto/d' \> conftest.nm
configure:6474: $? = 0
configure:6540: g++ -o conftest  -g -DNDEBUG   conftest.cpp conftstm.o >&5
configure:6543: $? = 0
configure:6581: result: ok
configure:6618: checking for sysroot
configure:6648: result: no
configure:6918: checking for mt
configure:6948: result: no
configure:6968: checking if : is a manifest tool
configure:6974: : '-?'
configure:6982: result: no
configure:7038: checking for dsymutil
configure:7054: found /usr/bin/dsymutil
configure:7065: result: dsymutil
configure:7130: checking for nmedit
configure:7146: found /usr/bin/nmedit
configure:7157: result: nmedit
configure:7222: checking for lipo
configure:7238: found /usr/bin/lipo
configure:7249: result: lipo
configure:7314: checking for otool
configure:7330: found /usr/bin/otool
configure:7341: result: otool
configure:7406: checking for otool64
configure:7436: result: no
configure:7481: checking for -single_module linker flag
gcc   -o libconftest.dylib -dynamiclib -Wl,-single_module conftest.c
configure:7514: result: yes
configure:7517: checking for -exported_symbols_list linker flag
configure:7537: g++ -o conftest  -g -DNDEBUG   -Wl,-exported_symbols_list,conftest.sym conftest.cpp  >&5
configure:7537: $? = 0
configure:7547: result: yes
configure:7550: checking for -force_load linker flag
gcc  -c -o conftest.o conftest.c
ar cru libconftest.a conftest.o
ranlib libconftest.a
gcc   -o conftest conftest.c -Wl,-force_load,./libconftest.a
configure:7582: result: yes
configure:7624: checking how to run the C preprocessor
configure:7655: gcc -E  conftest.c
configure:7655: $? = 0
configure:7669: gcc -E  conftest.c
conftest.c:11:10: fatal error: 'ac_nonexistent.h' file not found
#include <ac_nonexistent.h>
         ^
1 error generated.
configure:7669: $? = 1
configure: failed program was:
| /* confdefs.h */
| #define PACKAGE_NAME "Google C++ Testing Framework"
| #define PACKAGE_TARNAME "gtest"
| #define PACKAGE_VERSION "1.7.0"
| #define PACKAGE_STRING "Google C++ Testing Framework 1.7.0"
| #define PACKAGE_BUGREPORT "googletestframework@googlegroups.com"
| #define PACKAGE_URL ""
| #define PACKAGE "gtest"
| #define VERSION "1.7.0"
| /* end confdefs.h.  */
| #include <ac_nonexistent.h>
configure:7694: result: gcc -E
configure:7714: gcc -E  conftest.c
configure:7714: $? = 0
configure:7728: gcc -E  conftest.c
conftest.c:11:10: fatal error: 'ac_nonexistent.h' file not found
#include <ac_nonexistent.h>
         ^
1 error generated.
configure:7728: $? = 1
configure: failed program was:
| /* confdefs.h */
| #define PACKAGE_NAME "Google C++ Testing Framework"
| #define PACKAGE_TARNAME "gtest"
| #define PACKAGE_VERSION "1.7.0"
| #define PACKAGE_STRING "Google C++ Testing Framework 1.7.0"
| #define PACKAGE_BUGREPORT "googletestframework@googlegroups.com"
| #define PACKAGE_URL ""
| #define PACKAGE "gtest"
| #define VERSION "1.7.0"
| /* end confdefs.h.  */
| #include <ac_nonexistent.h>
configure:7757: checking for ANSI C header files
configure:7777: gcc -c   conftest.c >&5
configure:7777: $? = 0
configure:7850: gcc -o conftest    conftest.c  >&5
configure:7850: $? = 0
configure:7850: ./conftest
configure:7850: $? = 0
configure:7861: result: yes
configure:7874: checking for sys/types.h
configure:7874: gcc -c   conftest.c >&5
configure:7874: $? = 0
configure:7874: result: yes
configure:7874: checking for sys/stat.h
configure:7874: gcc -c   conftest.c >&5
configure:7874: $? = 0
configure:7874: result: yes
configure:7874: checking for stdlib.h
configure:7874: gcc -c   conftest.c >&5
configure:7874: $? = 0
configure:7874: result: yes
configure:7874: checking for string.h
configure:7874: gcc -c   conftest.c >&5
configure:7874: $? = 0
configure:7874: result: yes
configure:7874: checking for memory.h
configure:7874: gcc -c   conftest.c >&5
configure:7874: $? = 0
configure:7874: result: yes
configure:7874: checking for strings.h
configure:7874: gcc -c   conftest.c >&5
configure:7874: $? = 0
configure:7874: result: yes
configure:7874: checking for inttypes.h
configure:7874: gcc -c   conftest.c >&5
configure:7874: $? = 0
configure:7874: result: yes
configure:7874: checking for stdint.h
configure:7874: gcc -c   conftest.c >&5
configure:7874: $? = 0
configure:7874: result: yes
configure:7874: checking for unistd.h
configure:7874: gcc -c   conftest.c >&5
configure:7874: $? = 0
configure:7874: result: yes
configure:7888: checking for dlfcn.h
configure:7888: gcc -c   conftest.c >&5
configure:7888: $? = 0
configure:7888: result: yes
configure:8104: checking for objdir
configure:8119: result: .libs
configure:8390: checking if gcc supports -fno-rtti -fno-exceptions
configure:8408: gcc -c   -fno-rtti -fno-exceptions conftest.c >&5
configure:8412: $? = 0
configure:8425: result: yes
configure:8752: checking for gcc option to produce PIC
configure:8759: result: -fno-common -DPIC
configure:8767: checking if gcc PIC flag -fno-common -DPIC works
configure:8785: gcc -c   -fno-common -DPIC -DPIC conftest.c >&5
configure:8789: $? = 0
configure:8802: result: yes
configure:8831: checking if gcc static flag -static works
configure:8859: result: no
configure:8874: checking if gcc supports -c -o file.o
configure:8895: gcc -c   -o out/conftest2.o conftest.c >&5
configure:8899: $? = 0
configure:8921: result: yes
configure:8929: checking if gcc supports -c -o file.o
configure:8976: result: yes
configure:9009: checking whether the gcc linker (/Applications/Xcode.app/Contents/Developer/Toolchains/XcodeDefault.xctoolchain/usr/bin/ld) supports shared libraries
configure:10166: result: yes
configure:10406: checking dynamic linker characteristics
configure:11140: result: darwin15.0.0 dyld
configure:11247: checking how to hardcode library paths into programs
configure:11272: result: immediate
configure:11812: checking whether stripping libraries is possible
configure:11826: result: yes
configure:11852: checking if libtool supports shared libraries
configure:11854: result: yes
configure:11857: checking whether to build shared libraries
configure:11878: result: yes
configure:11881: checking whether to build static libraries
configure:11885: result: yes
configure:11908: checking how to run the C++ preprocessor
configure:11935: g++ -E  conftest.cpp
configure:11935: $? = 0
configure:11949: g++ -E  conftest.cpp
conftest.cpp:23:10: fatal error: 'ac_nonexistent.h' file not found
#include <ac_nonexistent.h>
         ^
1 error generated.
configure:11949: $? = 1
configure: failed program was:
| /* confdefs.h */
| #define PACKAGE_NAME "Google C++ Testing Framework"
| #define PACKAGE_TARNAME "gtest"
| #define PACKAGE_VERSION "1.7.0"
| #define PACKAGE_STRING "Google C++ Testing Framework 1.7.0"
| #define PACKAGE_BUGREPORT "googletestframework@googlegroups.com"
| #define PACKAGE_URL ""
| #define PACKAGE "gtest"
| #define VERSION "1.7.0"
| #define STDC_HEADERS 1
| #define HAVE_SYS_TYPES_H 1
| #define HAVE_SYS_STAT_H 1
| #define HAVE_STDLIB_H 1
| #define HAVE_STRING_H 1
| #define HAVE_MEMORY_H 1
| #define HAVE_STRINGS_H 1
| #define HAVE_INTTYPES_H 1
| #define HAVE_STDINT_H 1
| #define HAVE_UNISTD_H 1
| #define HAVE_DLFCN_H 1
| #define LT_OBJDIR ".libs/"
| /* end confdefs.h.  */
| #include <ac_nonexistent.h>
configure:11974: result: g++ -E
configure:11994: g++ -E  conftest.cpp
configure:11994: $? = 0
configure:12008: g++ -E  conftest.cpp
conftest.cpp:23:10: fatal error: 'ac_nonexistent.h' file not found
#include <ac_nonexistent.h>
         ^
1 error generated.
configure:12008: $? = 1
configure: failed program was:
| /* confdefs.h */
| #define PACKAGE_NAME "Google C++ Testing Framework"
| #define PACKAGE_TARNAME "gtest"
| #define PACKAGE_VERSION "1.7.0"
| #define PACKAGE_STRING "Google C++ Testing Framework 1.7.0"
| #define PACKAGE_BUGREPORT "googletestframework@googlegroups.com"
| #define PACKAGE_URL ""
| #define PACKAGE "gtest"
| #define VERSION "1.7.0"
| #define STDC_HEADERS 1
| #define HAVE_SYS_TYPES_H 1
| #define HAVE_SYS_STAT_H 1
| #define HAVE_STDLIB_H 1
| #define HAVE_STRING_H 1
| #define HAVE_MEMORY_H 1
| #define HAVE_STRINGS_H 1
| #define HAVE_INTTYPES_H 1
| #define HAVE_STDINT_H 1
| #define HAVE_UNISTD_H 1
| #define HAVE_DLFCN_H 1
| #define LT_OBJDIR ".libs/"
| /* end confdefs.h.  */
| #include <ac_nonexistent.h>
configure:12177: checking for ld used by g++
configure:12244: result: /Applications/Xcode.app/Contents/Developer/Toolchains/XcodeDefault.xctoolchain/usr/bin/ld
configure:12251: checking if the linker (/Applications/Xcode.app/Contents/Developer/Toolchains/XcodeDefault.xctoolchain/usr/bin/ld) is GNU ld
configure:12266: result: no
configure:12321: checking whether the g++ linker (/Applications/Xcode.app/Contents/Developer/Toolchains/XcodeDefault.xctoolchain/usr/bin/ld) supports shared libraries
configure:13323: result: yes
configure:13359: g++ -c  -g -DNDEBUG  conftest.cpp >&5
configure:13362: $? = 0
configure:13882: checking for g++ option to produce PIC
configure:13889: result: -fno-common -DPIC
configure:13897: checking if g++ PIC flag -fno-common -DPIC works
configure:13915: g++ -c  -g -DNDEBUG  -fno-common -DPIC -DPIC conftest.cpp >&5
configure:13919: $? = 0
configure:13932: result: yes
configure:13955: checking if g++ static flag -static works
configure:13983: result: no
configure:13995: checking if g++ supports -c -o file.o
configure:14016: g++ -c  -g -DNDEBUG  -o out/conftest2.o conftest.cpp >&5
configure:14020: $? = 0
configure:14042: result: yes
configure:14047: checking if g++ supports -c -o file.o
configure:14094: result: yes
configure:14124: checking whether the g++ linker (/Applications/Xcode.app/Contents/Developer/Toolchains/XcodeDefault.xctoolchain/usr/bin/ld) supports shared libraries
configure:14163: result: yes
configure:14304: checking dynamic linker characteristics
configure:14972: result: darwin15.0.0 dyld
configure:15025: checking how to hardcode library paths into programs
configure:15050: result: immediate
configure:15120: checking for python
configure:15138: found /usr/bin/python
configure:15151: result: /usr/bin/python
configure:15169: /usr/bin/python -c import sys # split strings by '.' and convert to numeric. Append some zeros # because we need at least 4 digits for the hex conversion. # map returns an iterator in Python 3.0 and a list in 2.x minver = list(map(int, '2.3'.split('.'))) + [0, 0, 0] minverhex = 0 # xrange is not present in Python 3.0 and range returns an iterator for i in list(range(0, 4)): minverhex = (minverhex << 8) + minver[i] sys.exit(sys.hexversion < minverhex)
configure:15172: $? = 0
configure:15365: checking for the pthreads library -lpthreads
configure:15398: gcc -o conftest     conftest.c -lpthreads  >&5
ld: library not found for -lpthreads
clang: error: linker command failed with exit code 1 (use -v to see invocation)
configure:15398: $? = 1
configure: failed program was:
| /* confdefs.h */
| #define PACKAGE_NAME "Google C++ Testing Framework"
| #define PACKAGE_TARNAME "gtest"
| #define PACKAGE_VERSION "1.7.0"
| #define PACKAGE_STRING "Google C++ Testing Framework 1.7.0"
| #define PACKAGE_BUGREPORT "googletestframework@googlegroups.com"
| #define PACKAGE_URL ""
| #define PACKAGE "gtest"
| #define VERSION "1.7.0"
| #define STDC_HEADERS 1
| #define HAVE_SYS_TYPES_H 1
| #define HAVE_SYS_STAT_H 1
| #define HAVE_STDLIB_H 1
| #define HAVE_STRING_H 1
| #define HAVE_MEMORY_H 1
| #define HAVE_STRINGS_H 1
| #define HAVE_INTTYPES_H 1
| #define HAVE_STDINT_H 1
| #define HAVE_UNISTD_H 1
| #define HAVE_DLFCN_H 1
| #define LT_OBJDIR ".libs/"
| /* end confdefs.h.  */
| #include <pthread.h>
| int
| main ()
| {
| pthread_t th; pthread_join(th, 0);
|                      pthread_attr_init(0); pthread_cleanup_push(0, 0);
|                      pthread_create(0,0,0,0); pthread_cleanup_pop(0);
|   ;
|   return 0;
| }
configure:15407: result: no
configure:15310: checking whether pthreads work without any flags
configure:15398: gcc -o conftest     conftest.c   >&5
configure:15398: $? = 0
configure:15407: result: yes
configure:15426: checking for joinable pthread attribute
configure:15441: gcc -o conftest     conftest.c   >&5
configure:15441: $? = 0
configure:15447: result: PTHREAD_CREATE_JOINABLE
configure:15457: checking if more special flags are required for pthreads
configure:15464: result: -D_THREAD_SAFE
configure:15553: checking whether to check for GCC pthread/shared inconsistencies
configure:15566: gcc -o conftest -shared -fPIC -Wl,-z,defs  -D_THREAD_SAFE    conftest.c   >&5
ld: unknown option: -z
clang: error: linker command failed with exit code 1 (use -v to see invocation)
configure:15566: $? = 1
configure: failed program was:
| /* confdefs.h */
| #define PACKAGE_NAME "Google C++ Testing Framework"
| #define PACKAGE_TARNAME "gtest"
| #define PACKAGE_VERSION "1.7.0"
| #define PACKAGE_STRING "Google C++ Testing Framework 1.7.0"
| #define PACKAGE_BUGREPORT "googletestframework@googlegroups.com"
| #define PACKAGE_URL ""
| #define PACKAGE "gtest"
| #define VERSION "1.7.0"
| #define STDC_HEADERS 1
| #define HAVE_SYS_TYPES_H 1
| #define HAVE_SYS_STAT_H 1
| #define HAVE_STDLIB_H 1
| #define HAVE_STRING_H 1
| #define HAVE_MEMORY_H 1
| #define HAVE_STRINGS_H 1
| #define HAVE_INTTYPES_H 1
| #define HAVE_STDINT_H 1
| #define HAVE_UNISTD_H 1
| #define HAVE_DLFCN_H 1
| #define LT_OBJDIR ".libs/"
| /* end confdefs.h.  */
| 
| int
| main ()
| {
| 
|   ;
|   return 0;
| }
configure:15575: result: no
configure:15855: checking that generated files are newer than configure
configure:15861: result: done
configure:15896: creating ./config.status

## ---------------------- ##
## Running config.status. ##
## ---------------------- ##

This file was extended by Google C++ Testing Framework config.status 1.7.0, which was
generated by GNU Autoconf 2.69.  Invocation command line was

  CONFIG_FILES    = 
  CONFIG_HEADERS  = 
  CONFIG_LINKS    = 
  CONFIG_COMMANDS = 
  $ ./config.status 

on Peters-MacBook-Pro-2.local

config.status:1151: creating Makefile
config.status:1151: creating scripts/gtest-config
config.status:1151: creating build-aux/config.h
config.status:1380: executing depfiles commands
config.status:1380: executing libtool commands

## ---------------- ##
## Cache variables. ##
## ---------------- ##

ac_cv_build=x86_64-apple-darwin15.0.0
ac_cv_c_compiler_gnu=yes
ac_cv_cxx_compiler_gnu=yes
ac_cv_env_CCC_set=
ac_cv_env_CCC_value=
ac_cv_env_CC_set=
ac_cv_env_CC_value=
ac_cv_env_CFLAGS_set=set
ac_cv_env_CFLAGS_value=
ac_cv_env_CPPFLAGS_set=
ac_cv_env_CPPFLAGS_value=
ac_cv_env_CPP_set=
ac_cv_env_CPP_value=
ac_cv_env_CXXCPP_set=
ac_cv_env_CXXCPP_value=
ac_cv_env_CXXFLAGS_set=set
ac_cv_env_CXXFLAGS_value=' -g -DNDEBUG'
ac_cv_env_CXX_set=
ac_cv_env_CXX_value=
ac_cv_env_LDFLAGS_set=
ac_cv_env_LDFLAGS_value=
ac_cv_env_LIBS_set=
ac_cv_env_LIBS_value=
ac_cv_env_build_alias_set=
ac_cv_env_build_alias_value=
ac_cv_env_host_alias_set=
ac_cv_env_host_alias_value=
ac_cv_env_target_alias_set=
ac_cv_env_target_alias_value=
ac_cv_header_dlfcn_h=yes
ac_cv_header_inttypes_h=yes
ac_cv_header_memory_h=yes
ac_cv_header_stdc=yes
ac_cv_header_stdint_h=yes
ac_cv_header_stdlib_h=yes
ac_cv_header_string_h=yes
ac_cv_header_strings_h=yes
ac_cv_header_sys_stat_h=yes
ac_cv_header_sys_types_h=yes
ac_cv_header_unistd_h=yes
ac_cv_host=x86_64-apple-darwin15.0.0
ac_cv_objext=o
ac_cv_path_EGREP='/usr/bin/grep -E'
ac_cv_path_FGREP='/usr/bin/grep -F'
ac_cv_path_GREP=/usr/bin/grep
ac_cv_path_PYTHON=/usr/bin/python
ac_cv_path_SED=/usr/bin/sed
ac_cv_path_install='/usr/bin/install -c'
ac_cv_prog_AWK=awk
ac_cv_prog_CPP='gcc -E'
ac_cv_prog_CXXCPP='g++ -E'
ac_cv_prog_ac_ct_AR=ar
ac_cv_prog_ac_ct_CC=gcc
ac_cv_prog_ac_ct_CXX=g++
ac_cv_prog_ac_ct_DSYMUTIL=dsymutil
ac_cv_prog_ac_ct_LIPO=lipo
ac_cv_prog_ac_ct_NMEDIT=nmedit
ac_cv_prog_ac_ct_OTOOL=otool
ac_cv_prog_ac_ct_RANLIB=ranlib
ac_cv_prog_ac_ct_STRIP=strip
ac_cv_prog_cc_c89=
ac_cv_prog_cc_g=yes
ac_cv_prog_cxx_g=yes
ac_cv_prog_make_make_set=yes
am_cv_CC_dependencies_compiler_type=gcc3
am_cv_CXX_dependencies_compiler_type=gcc3
am_cv_make_support_nested_variables=yes
am_cv_prog_cc_c_o=yes
lt_cv_apple_cc_single_mod=yes
lt_cv_ar_at_file=no
lt_cv_deplibs_check_method=pass_all
lt_cv_file_magic_cmd='$MAGIC_CMD'
lt_cv_file_magic_test_file=
lt_cv_ld_exported_symbols_list=yes
lt_cv_ld_force_load=yes
lt_cv_ld_reload_flag=-r
lt_cv_nm_interface='BSD nm'
lt_cv_objdir=.libs
lt_cv_path_LD=/Applications/Xcode.app/Contents/Developer/Toolchains/XcodeDefault.xctoolchain/usr/bin/ld
lt_cv_path_LDCXX=/Applications/Xcode.app/Contents/Developer/Toolchains/XcodeDefault.xctoolchain/usr/bin/ld
lt_cv_path_NM=/usr/bin/nm
lt_cv_path_mainfest_tool=no
lt_cv_prog_compiler_c_o=yes
lt_cv_prog_compiler_c_o_CXX=yes
lt_cv_prog_compiler_pic='-fno-common -DPIC'
lt_cv_prog_compiler_pic_CXX='-fno-common -DPIC'
lt_cv_prog_compiler_pic_works=yes
lt_cv_prog_compiler_pic_works_CXX=yes
lt_cv_prog_compiler_rtti_exceptions=yes
lt_cv_prog_compiler_static_works=no
lt_cv_prog_compiler_static_works_CXX=no
lt_cv_prog_gnu_ld=no
lt_cv_prog_gnu_ldcxx=no
lt_cv_sharedlib_from_linklib_cmd='printf %s\n'
lt_cv_sys_global_symbol_pipe='sed -n -e '\''s/^.*[	 ]\([BCDEGRST][BCDEGRST]*\)[	 ][	 ]*_\([_A-Za-z][_A-Za-z0-9]*\)$/\1 _\2 \2/p'\'' | sed '\''/ __gnu_lto/d'\'''
lt_cv_sys_global_symbol_to_c_name_address='sed -n -e '\''s/^: \([^ ]*\)[ ]*$/  {\"\1\", (void *) 0},/p'\'' -e '\''s/^[BCDEGRST]* \([^ ]*\) \([^ ]*\)$/  {"\2", (void *) \&\2},/p'\'''
lt_cv_sys_global_symbol_to_c_name_address_lib_prefix='sed -n -e '\''s/^: \([^ ]*\)[ ]*$/  {\"\1\", (void *) 0},/p'\'' -e '\''s/^[BCDEGRST]* \([^ ]*\) \(lib[^ ]*\)$/  {"\2", (void *) \&\2},/p'\'' -e '\''s/^[BCDEGRST]* \([^ ]*\) \([^ ]*\)$/  {"lib\2", (void *) \&\2},/p'\'''
lt_cv_sys_global_symbol_to_cdecl='sed -n -e '\''s/^T .* \(.*\)$/extern int \1();/p'\'' -e '\''s/^[BCDEGRST]* .* \(.*\)$/extern char \1;/p'\'''
lt_cv_sys_max_cmd_len=196608
lt_cv_to_host_file_cmd=func_convert_file_noop
lt_cv_to_tool_file_cmd=func_convert_file_noop

## ----------------- ##
## Output variables. ##
## ----------------- ##

ACLOCAL='${SHELL} /Users/pmattis/Development/go/src/github.com/cockroachdb/c-protobuf/internal/gmock/gtest/build-aux/missing aclocal-1.14'
AMDEPBACKSLASH='\'
AMDEP_FALSE='#'
AMDEP_TRUE=''
AMTAR='$${TAR-tar}'
AM_BACKSLASH='\'
AM_DEFAULT_V='$(AM_DEFAULT_VERBOSITY)'
AM_DEFAULT_VERBOSITY='1'
AM_V='$(V)'
AR='ar'
AUTOCONF='${SHELL} /Users/pmattis/Development/go/src/github.com/cockroachdb/c-protobuf/internal/gmock/gtest/build-aux/missing autoconf'
AUTOHEADER='${SHELL} /Users/pmattis/Development/go/src/github.com/cockroachdb/c-protobuf/internal/gmock/gtest/build-aux/missing autoheader'
AUTOMAKE='${SHELL} /Users/pmattis/Development/go/src/github.com/cockroachdb/c-protobuf/internal/gmock/gtest/build-aux/missing automake-1.14'
AWK='awk'
CC='gcc'
CCDEPMODE='depmode=gcc3'
CFLAGS=''
CPP='gcc -E'
CPPFLAGS=''
CXX='g++'
CXXCPP='g++ -E'
CXXDEPMODE='depmode=gcc3'
CXXFLAGS=' -g -DNDEBUG'
CYGPATH_W='echo'
DEFS='-DHAVE_CONFIG_H'
DEPDIR='.deps'
DLLTOOL='false'
DSYMUTIL='dsymutil'
DUMPBIN=''
ECHO_C='\c'
ECHO_N=''
ECHO_T=''
EGREP='/usr/bin/grep -E'
EXEEXT=''
FGREP='/usr/bin/grep -F'
GREP='/usr/bin/grep'
HAVE_PTHREADS_FALSE='#'
HAVE_PTHREADS_TRUE=''
HAVE_PYTHON_FALSE='#'
HAVE_PYTHON_TRUE=''
INSTALL_DATA='${INSTALL} -m 644'
INSTALL_PROGRAM='${INSTALL}'
INSTALL_SCRIPT='${INSTALL}'
INSTALL_STRIP_PROGRAM='$(install_sh) -c -s'
LD='/Applications/Xcode.app/Contents/Developer/Toolchains/XcodeDefault.xctoolchain/usr/bin/ld'
LDFLAGS=''
LIBOBJS=''
LIBS=''
LIBTOOL='$(SHELL) $(top_builddir)/libtool'
LIPO='lipo'
LN_S='ln -s'
LTLIBOBJS=''
MAKEINFO='${SHELL} /Users/pmattis/Development/go/src/github.com/cockroachdb/c-protobuf/internal/gmock/gtest/build-aux/missing makeinfo'
MANIFEST_TOOL=':'
MKDIR_P='build-aux/install-sh -c -d'
NM='/usr/bin/nm'
NMEDIT='nmedit'
OBJDUMP='false'
OBJEXT='o'
OTOOL64=':'
OTOOL='otool'
PACKAGE='gtest'
PACKAGE_BUGREPORT='googletestframework@googlegroups.com'
PACKAGE_NAME='Google C++ Testing Framework'
PACKAGE_STRING='Google C++ Testing Framework 1.7.0'
PACKAGE_TARNAME='gtest'
PACKAGE_URL=''
PACKAGE_VERSION='1.7.0'
PATH_SEPARATOR=':'
PTHREAD_CC='gcc'
PTHREAD_CFLAGS='-D_THREAD_SAFE '
PTHREAD_LIBS=''
PYTHON='/usr/bin/python'
RANLIB='ranlib'
SED='/usr/bin/sed'
SET_MAKE=''
SHELL='/bin/sh'
STRIP='strip'
VERSION='1.7.0'
ac_ct_AR='ar'
ac_ct_CC='gcc'
ac_ct_CXX='g++'
ac_ct_DUMPBIN=''
acx_pthread_config=''
am__EXEEXT_FALSE=''
am__EXEEXT_TRUE='#'
am__fastdepCC_FALSE='#'
am__fastdepCC_TRUE=''
am__fastdepCXX_FALSE='#'
am__fastdepCXX_TRUE=''
am__include='include'
am__isrc=''
am__leading_dot='.'
am__nodep='_no'
am__quote=''
am__tar='$${TAR-tar} chof - "$$tardir"'
am__untar='$${TAR-tar} xf -'
bindir='${exec_prefix}/bin'
build='x86_64-apple-darwin15.0.0'
build_alias=''
build_cpu='x86_64'
build_os='darwin15.0.0'
build_vendor='apple'
datadir='${datarootdir}'
datarootdir='${prefix}/share'
docdir='${datarootdir}/doc/${PACKAGE_TARNAME}'
dvidir='${docdir}'
exec_prefix='${prefix}'
host='x86_64-apple-darwin15.0.0'
host_alias=''
host_cpu='x86_64'
host_os='darwin15.0.0'
host_vendor='apple'
htmldir='${docdir}'
includedir='${prefix}/include'
infodir='${datarootdir}/info'
install_sh='${SHELL} /Users/pmattis/Development/go/src/github.com/cockroachdb/c-protobuf/internal/gmock/gtest/build-aux/install-sh'
libdir='${exec_prefix}/lib'
libexecdir='${exec_prefix}/libexec'
localedir='${datarootdir}/locale'
localstatedir='${prefix}/var'
mandir='${datarootdir}/man'
mkdir_p='$(MKDIR_P)'
oldincludedir='/usr/include'
pdfdir='${docdir}'
prefix='/usr/local'
program_transform_name='s,x,x,'
psdir='${docdir}'
sbindir='${exec_prefix}/sbin'
sharedstatedir='${prefix}/com'
sysconfdir='${prefix}/etc'
target_alias=''

## ----------- ##
## confdefs.h. ##
## ----------- ##

/* confdefs.h */
#define PACKAGE_NAME "Google C++ Testing Framework"
#define PACKAGE_TARNAME "gtest"
#define PACKAGE_VERSION "1.7.0"
#define PACKAGE_STRING "Google C++ Testing Framework 1.7.0"
#define PACKAGE_BUGREPORT "googletestframework@googlegroups.com"
#define PACKAGE_URL ""
#define PACKAGE "gtest"
#define VERSION "1.7.0"
#define STDC_HEADERS 1
#define HAVE_SYS_TYPES_H 1
#define HAVE_SYS_STAT_H 1
#define HAVE_STDLIB_H 1
#define HAVE_STRING_H 1
#define HAVE_MEMORY_H 1
#define HAVE_STRINGS_H 1
#define HAVE_INTTYPES_H 1
#define HAVE_STDINT_H 1
#define HAVE_UNISTD_H 1
#define HAVE_DLFCN_H 1
#define LT_OBJDIR ".libs/"
#define HAVE_PTHREAD 1

configure: exit 0
